<?xml version="1.0" encoding="UTF-8"?>
<!-- Generated by org.testng.reporters.JUnitXMLReporter -->
<testsuite ignored="0" hostname="TRRONM00007" failures="0" tests="5" name="Surefire test" time="33.417" errors="0" timestamp="2023-08-15T11:33:35 CEST">
  <testcase classname="tako.tests.NegativeValidationsTest" name="validateLoginNegative" time="0.96"/>
  <testcase classname="tako.tests.NegativeValidationsTest" name="validateProductNegative" time="2.811"/>
  <testcase classname="tako.tests.SubmitOrderTest" name="submitOrder" time="3.595"/>
  <testcase classname="tako.tests.SubmitOrderTest" name="submitOrder" time="3.577"/>
  <testcase classname="tako.tests.SubmitOrderTest" name="validateOrderFromOrdersPage" time="0.85"/>
</testsuite> <!-- Surefire test -->
