<?xml version="1.0" encoding="UTF-8"?>
<!-- Generated by org.testng.reporters.JUnitXMLReporter -->
<testsuite ignored="0" hostname="TRRONM00007" failures="0" tests="3" name="Purchase" time="22.453" errors="0" timestamp="2023-08-15T15:27:29 CEST">
  <testcase classname="tako.tests.SubmitOrderTest" name="submitOrder" time="3.944"/>
  <testcase classname="tako.tests.SubmitOrderTest" name="submitOrder" time="3.779"/>
  <testcase classname="tako.tests.SubmitOrderTest" name="validateOrderFromOrdersPage" time="0.853"/>
</testsuite> <!-- Purchase -->
