<?xml version="1.0" encoding="UTF-8"?>
<!-- Generated by org.testng.reporters.JUnitXMLReporter -->
<testsuite ignored="0" hostname="TRRONM00007" failures="0" tests="3" name="Submit Order Test" time="36.611" errors="0" timestamp="2023-08-15T11:19:16 CEST">
  <testcase classname="tako.tests.SubmitOrderTest" name="submitOrder" time="4.943"/>
  <testcase classname="tako.tests.SubmitOrderTest" name="submitOrder" time="4.208"/>
  <testcase classname="tako.tests.SubmitOrderTest" name="validateOrderFromOrdersPage" time="0.921"/>
</testsuite> <!-- Submit Order Test -->
